<?xml version="1.0" encoding="UTF-8"?>
<testsuite xmlns:xsi="http://www.w3.org/2001/XMLSchema-instance" xsi:noNamespaceSchemaLocation="https://maven.apache.org/surefire/maven-surefire-plugin/xsd/surefire-test-report.xsd" name="com.stubhub.contract.com.stubhub.ContractTest" time="8.007" tests="2" errors="0" skipped="0" failures="0">
  <properties>
[...]
</properties>
  <testcase name="validate_return_all_persons" classname="com.stubhub.contract.com.stubhub.ContractTest" time="1.071"/>
  <testcase name="validate_find_person_by_id" classname="com.stubhub.contract.com.stubhub.ContractTest" time="0.146"/>
</testsuite>